<?xml version="1.0" encoding="UTF-8"?>
<!-- Generated by org.testng.reporters.JUnitXMLReporter -->
<testsuite hostname="LTIN424763" ignored="0" name="Test" tests="9" failures="0" timestamp="2023-06-28T11:38:14 IST" time="102.159" errors="0">
  <testcase name="siteAutomobile" time="16.314" classname="Tst.TestingAutomobile"/>
  <testcase name="siteAutomobile" time="6.419" classname="Tst.TestingAutomobile"/>
  <testcase name="siteAutomobile" time="9.525" classname="Tst.TestingAutomobile"/>
  <testcase name="siteAutomobile" time="11.966" classname="Tst.TestingAutomobile"/>
  <testcase name="siteAutomobile" time="9.782" classname="Tst.TestingAutomobile"/>
  <testcase name="siteAutomobile" time="8.116" classname="Tst.TestingAutomobile"/>
  <testcase name="siteAutomobile" time="7.088" classname="Tst.TestingAutomobile"/>
  <testcase name="siteAutomobile" time="6.97" classname="Tst.TestingAutomobile"/>
  <testcase name="siteAutomobile" time="6.9" classname="Tst.TestingAutomobile"/>
</testsuite> <!-- Test -->
