<?xml version="1.0" encoding="UTF-8"?>
<!-- Generated by org.testng.reporters.JUnitXMLReporter -->
<testsuite hostname="LTIN424763" ignored="0" name="Test1" tests="9" failures="1" timestamp="2023-05-03T08:38:40 IST" time="162.625" errors="0">
  <testcase name="site" time="17.512" classname="Tst.TestingTruck">
    <failure type="java.lang.AssertionError" message="expected [false] but found [true]">
      <![CDATA[java.lang.AssertionError: expected [false] but found [true]
at Bse.PageObjectTruck.sendQuaote(PageObjectTruck.java:251)
at Tst.TestingTruck.site(TestingTruck.java:43)
at java.util.concurrent.ThreadPoolExecutor.runWorker(ThreadPoolExecutor.java:1149)
at java.util.concurrent.ThreadPoolExecutor$Worker.run(ThreadPoolExecutor.java:624)
at java.lang.Thread.run(Thread.java:748)
... Removed 16 stack frames]]>
    </failure>
  </testcase> <!-- site -->
  <testcase name="site" time="15.285" classname="Tst.TestingTruck"/>
  <testcase name="site" time="15.576" classname="Tst.TestingTruck"/>
  <testcase name="site" time="15.064" classname="Tst.TestingTruck"/>
  <testcase name="site" time="17.619" classname="Tst.TestingTruck"/>
  <testcase name="site" time="16.63" classname="Tst.TestingTruck"/>
  <testcase name="site" time="15.768" classname="Tst.TestingTruck"/>
  <testcase name="site" time="15.64" classname="Tst.TestingTruck"/>
  <testcase name="site" time="21.037" classname="Tst.TestingTruck"/>
</testsuite> <!-- Test1 -->
